    2021-02-22T08:13:35: PM2 log: Launching in no daemon mode
    2021-02-22T08:13:35: PM2 log: App [index:0] starting in -cluster mode-
    2021-02-22T08:13:35: PM2 log: App [index:0] online
    2021-02-22T08:13:35: PM2 log: App [index:1] starting in -cluster mode-
    2021-02-22T08:13:35: PM2 log: App [index:1] online
    2021-02-22T08:13:35: PM2 log: App [index:2] starting in -cluster mode-
    2021-02-22T08:13:35: PM2 log: App [index:2] online
    2021-02-22T08:13:35: PM2 log: App [index:3] starting in -cluster mode-
    2021-02-22T08:13:35: PM2 log: App [index:3] online
    start 0
    base url:  http://333a976595fb:8000
    2021-02-22T08:13:35.822Z instance:0 wholeArea: { posX: 0, posY: 0, sizeX: 1750, sizeY: 1750 }
    2021-02-22T08:13:35.823Z instance:0 wholeExplore is started
    2021-02-22T08:13:35.823Z instance:0 wholeExplore: { area: { posX: 0, posY: 0, sizeX: 1750, sizeY: 1750 }, amount: 10 }
    start 1
    base url:  http://333a976595fb:8000
    2021-02-22T08:13:35.913Z instance:1 wholeArea: { posX: 1750, posY: 0, sizeX: 1750, sizeY: 1750 }
    2021-02-22T08:13:35.914Z instance:1 wholeExplore is started
    2021-02-22T08:13:35.914Z instance:1 wholeExplore: { area: { posX: 1750, posY: 0, sizeX: 1750, sizeY: 1750 }, amount: 10 }
    start 2
    base url:  http://333a976595fb:8000
    2021-02-22T08:13:36.019Z instance:2 wholeArea: { posX: 0, posY: 1750, sizeX: 1750, sizeY: 1750 }
    2021-02-22T08:13:36.020Z instance:2 wholeExplore is started
    2021-02-22T08:13:36.020Z instance:2 wholeExplore: { area: { posX: 0, posY: 1750, sizeX: 1750, sizeY: 1750 }, amount: 10 }
    start 3
    base url:  http://333a976595fb:8000
    2021-02-22T08:13:36.183Z instance:3 wholeArea: { posX: 1750, posY: 1750, sizeX: 1750, sizeY: 1750 }
    2021-02-22T08:13:36.183Z instance:3 wholeExplore is started
    2021-02-22T08:13:36.184Z instance:3 wholeExplore: { area: { posX: 1750, posY: 1750, sizeX: 1750, sizeY: 1750 }, amount: 10 }
    2021-02-22T08:13:38.273Z instance:1 areas stats: empty=0, with tresures=49
    2021-02-22T08:13:38.275Z instance:1 amounts: [ 2514, 2433, 2402, 2452, 2471, 2642, 2502, 2507, 2452, 2463, 2479, 2446, 2569, 2598, 2398, 2481, 2547, 2437, 2557, 2386, 2456, 2459, 2446, 2466, 2517, 2502, 2534, 2478, 2495, 2546, 2502, 2400, 2527, 2514, 2408, 2508, 2473, 2422, 2383, 2506, 2502, 2493, 2592, 2505, 2447, 2514, 2383, 2549, 2499 ]
    2021-02-22T08:13:38.284Z instance:1 # HELP rest_api summary of rest api count and time
    # TYPE rest_api summary
    rest_api{quantile="0.5",method="post",route="/explore",status="200",sizeX="250",sizeY="250"} 0.045462506
    rest_api{quantile="0.999",method="post",route="/explore",status="200",sizeX="250",sizeY="250"} 0.076284756
    rest_api_sum{method="post",route="/explore",status="200",sizeX="250",sizeY="250"} 2.3421701710000002
    rest_api_count{method="post",route="/explore",status="200",sizeX="250",sizeY="250"} 49
    2021-02-22T08:13:38.317Z instance:0 areas stats: empty=0, with tresures=49
    2021-02-22T08:13:38.320Z instance:0 amounts: [ 2508, 2531, 2549, 2585, 2533, 2470, 2556, 2453, 2405, 2551, 2461, 2554, 2608, 2534, 2485, 2494, 2541, 2531, 2442, 2466, 2482, 2447, 2401, 2469, 2542, 2418, 2527, 2433, 2505, 2491, 2511, 2488, 2452, 2457, 2524, 2509, 2561, 2500, 2458, 2475, 2519, 2422, 2587, 2462, 2428, 2491, 2429, 2490, 2541 ]
    2021-02-22T08:13:38.328Z instance:0 # HELP rest_api summary of rest api count and time
    # TYPE rest_api summary
    rest_api{quantile="0.5",method="post",route="/explore",status="200",sizeX="250",sizeY="250"} 0.048943394
    rest_api{quantile="0.999",method="post",route="/explore",status="200",sizeX="250",sizeY="250"} 0.08781868
    rest_api_sum{method="post",route="/explore",status="200",sizeX="250",sizeY="250"} 2.474845407
    rest_api_count{method="post",route="/explore",status="200",sizeX="250",sizeY="250"} 49
    2021-02-22T08:13:38.411Z instance:2 areas stats: empty=0, with tresures=49
    2021-02-22T08:13:38.413Z instance:2 amounts: [ 2468, 2465, 2540, 2450, 2543, 2445, 2531, 2485, 2473, 2552, 2505, 2505, 2477, 2440, 2524, 2476, 2498, 2445, 2537, 2386, 2479, 2537, 2525, 2419, 2500, 2445, 2515, 2551, 2476, 2554, 2590, 2466, 2463, 2572, 2478, 2393, 2505, 2416, 2526, 2480, 2527, 2524, 2551, 2441, 2531, 2478, 2520, 2546, 2539 ]
    2021-02-22T08:13:38.420Z instance:2 # HELP rest_api summary of rest api count and time
    # TYPE rest_api summary
    rest_api{quantile="0.5",method="post",route="/explore",status="200",sizeX="250",sizeY="250"} 0.045791197
    rest_api{quantile="0.999",method="post",route="/explore",status="200",sizeX="250",sizeY="250"} 0.097228663
    rest_api_sum{method="post",route="/explore",status="200",sizeX="250",sizeY="250"} 2.373172278
    rest_api_count{method="post",route="/explore",status="200",sizeX="250",sizeY="250"} 49
    2021-02-22T08:13:38.564Z instance:3 areas stats: empty=0, with tresures=49
    2021-02-22T08:13:38.566Z instance:3 amounts: [ 2466, 2510, 2498, 2475, 2516, 2478, 2533, 2459, 2540, 2422, 2545, 2529, 2545, 2445, 2363, 2486, 2489, 2637, 2536, 2645, 2535, 2477, 2421, 2558, 2506, 2493, 2523, 2510, 2494, 2502, 2521, 2459, 2488, 2458, 2405, 2528, 2560, 2463, 2551, 2643, 2472, 2498, 2631, 2508, 2507, 2455, 2532, 2499, 2380 ]
    2021-02-22T08:13:38.571Z instance:3 # HELP rest_api summary of rest api count and time
    # TYPE rest_api summary
    rest_api{quantile="0.5",method="post",route="/explore",status="200",sizeX="250",sizeY="250"} 0.045966329
    rest_api{quantile="0.999",method="post",route="/explore",status="200",sizeX="250",sizeY="250"} 0.101379659
    rest_api_sum{method="post",route="/explore",status="200",sizeX="250",sizeY="250"} 2.365654735
    rest_api_count{method="post",route="/explore",status="200",sizeX="250",sizeY="250"} 49